<?xml version="1.0" encoding="UTF-8"?>
<!-- Generated by org.testng.reporters.JUnitReportReporter -->
<testsuite hostname="DESKTOP-KML9RV5" failures="0" tests="2" name="Linkedin.LinkedinSignin" time="12.304" errors="0" timestamp="2022-03-06T12:54:50 PST" skipped="0">
  <testcase classname="Linkedin.LinkedinSignin" name="pswrdtestErrorMessage" time="6.136"/>
  <system-out/>
  <testcase classname="Linkedin.LinkedinSignin" name="usertestErrorMessage" time="6.168"/>
  <system-out/>
</testsuite> <!-- Linkedin.LinkedinSignin -->
